Arguments: 
  C:\Program Files\nodejs\node.exe C:\Users\Med Said Bouchouicha\AppData\Roaming\npm\node_modules\yarn\bin\yarn.js cypress open

PATH: 
  C:\Program Files\Common Files\Oracle\Java\javapath;C:\Windows\system32;C:\Windows;C:\Windows\System32\Wbem;C:\Windows\System32\WindowsPowerShell\v1.0\;C:\Windows\System32\OpenSSH\;C:\Program Files\nodejs\;C:\Users\Med Said Bouchouicha\AppData\Local\Microsoft\WindowsApps;C:\Users\Med Said Bouchouicha\AppData\Roaming\npm;C:\Users\Med Said Bouchouicha\AppData\Local\Programs\Microsoft VS Code\bin;C:\Users\Med Said Bouchouicha\AppData\Local\Programs\Git\cmd

Yarn version: 
  1.22.19

Node version: 
  18.15.0

Platform: 
  win32 x64

Trace: 
  SyntaxError: C:\Users\Med Said Bouchouicha\OneDrive - Value Digital Services\Bureau\QA-DEMO2\package.json: Unexpected token } in JSON at position 312
      at JSON.parse (<anonymous>)
      at C:\Users\Med Said Bouchouicha\AppData\Roaming\npm\node_modules\yarn\lib\cli.js:1629:59
      at Generator.next (<anonymous>)
      at step (C:\Users\Med Said Bouchouicha\AppData\Roaming\npm\node_modules\yarn\lib\cli.js:310:30)
      at C:\Users\Med Said Bouchouicha\AppData\Roaming\npm\node_modules\yarn\lib\cli.js:321:13

npm manifest: 
  {
  
    "scripts": {
  
      "cy:run:chrome": "cypress run --browser chrome",
  
      "cy:run:firefox": "cypress run --browser firefox",
  
      "cypress:open": "cypress open",
  
      "test:production": "npx cypress run --e2e",
  
      "test:report": "npx cypress run --record --key 562406be-23d2-48e9-b67f-9bcc14ea3e19",
      
    },
  
    "dependencies": {
  
      "@badeball/cypress-cucumber-preprocessor": "^16.0.3",
  
      "@faker-js/faker": "^7.6.0",
  
      "cucumber-json-report-formatter": "^0.1.4",
  
      "cypress-esbuild-preprocessor": "^1.0.2",
  
      "typescript": "^5.0.4"
  
      
  
    },
  
    "devDependencies": {
  
      "@bahmutov/cypress-esbuild-preprocessor": "^2.2.0",
  
      "@cypress/webpack-preprocessor": "^5.17.1",
  
      "cypress": "^12.9.0",
  
      "esbuild": "^0.17.16",
  
      "multiple-cucumber-html-reporter": "^3.4.0",
  
      "playwright-webkit": "^1.31.1"
  
    }
  
    
  
  }

yarn manifest: 
  No manifest

Lockfile: 
  No lockfile
